# JRE version: Java(TM) SE Runtime Environment (21.0.3+7) (build 21.0.3+7-LTS-152)
# Java VM: Java HotSpot(TM) 64-Bit Server VM (21.0.3+7-LTS-152, mixed mode, sharing, tiered, compressed oops, compressed class ptrs, g1 gc, windows-amd64)
GC Precious Log:
 CardTable entry size: 512
 Card Set container configuration: InlinePtr #cards 5 size 8 Array Of Cards #cards 12 size 40 Howl #buckets 4 coarsen threshold 1843 Howl Bitmap #cards 512 size 80 coarsen threshold 460 Card regions per heap region 1 cards per card region 2048
 CPUs: 8 total, 8 available
 Memory: 7971M
 Large Page Support: Disabled
 NUMA Support: Disabled
 Compressed Oops: Enabled (32-bit)
 Heap Region Size: 1M
 Heap Min Capacity: 8M
 Heap Initial Capacity: 126M
 Heap Max Capacity: 1994M
 Pre-touch: Disabled
 Parallel Workers: 8
 Concurrent Workers: 2
 Concurrent Refinement Workers: 8
 Periodic GC: Disabled
Heap:
 garbage-first heap   total 253952K, used 170813K [0x0000000083600000, 0x0000000100000000)
  region size 1024K, 21 young (21504K), 10 survivors (10240K)
 Metaspace       used 1245K, committed 1472K, reserved 1114112K
  class space    used 98K, committed 192K, reserved 1048576K
GC Heap History (20 events):
Event: 30.095 GC heap before
{Heap before GC invocations=9 (full 0):
 garbage-first heap   total 155648K, used 93184K [0x0000000083600000, 0x0000000100000000)
  region size 1024K, 24 young (24576K), 8 survivors (8192K)
 Metaspace       used 1245K, committed 1472K, reserved 1114112K
  class space    used 98K, committed 192K, reserved 1048576K
}
Event: 30.100 GC heap after
{Heap after GC invocations=10 (full 0):
 garbage-first heap   total 187392K, used 80366K [0x0000000083600000, 0x0000000100000000)
  region size 1024K, 3 young (3072K), 3 survivors (3072K)
 Metaspace       used 1245K, committed 1472K, reserved 1114112K
  class space    used 98K, committed 192K, reserved 1048576K
}
Event: 30.695 GC heap before
{Heap before GC invocations=10 (full 0):
 garbage-first heap   total 187392K, used 164334K [0x0000000083600000, 0x0000000100000000)
  region size 1024K, 81 young (82944K), 3 survivors (3072K)
 Metaspace       used 1245K, committed 1472K, reserved 1114112K
  class space    used 98K, committed 192K, reserved 1048576K
}
Event: 30.706 GC heap after
{Heap after GC invocations=11 (full 0):
 garbage-first heap   total 187392K, used 94208K [0x0000000083600000, 0x0000000100000000)
  region size 1024K, 11 young (11264K), 11 survivors (11264K)
 Metaspace       used 1245K, committed 1472K, reserved 1114112K
  class space    used 98K, committed 192K, reserved 1048576K
}
Event: 31.205 GC heap before
{Heap before GC invocations=11 (full 0):
 garbage-first heap   total 187392K, used 164864K [0x0000000083600000, 0x0000000100000000)
  region size 1024K, 80 young (81920K), 11 survivors (11264K)
 Metaspace       used 1245K, committed 1472K, reserved 1114112K
  class space    used 98K, committed 192K, reserved 1048576K
}
Event: 31.216 GC heap after
{Heap after GC invocations=12 (full 0):
 garbage-first heap   total 187392K, used 104514K [0x0000000083600000, 0x0000000100000000)
  region size 1024K, 10 young (10240K), 10 survivors (10240K)
 Metaspace       used 1245K, committed 1472K, reserved 1114112K
  class space    used 98K, committed 192K, reserved 1048576K
}
Event: 31.610 GC heap before
{Heap before GC invocations=12 (full 0):
 garbage-first heap   total 187392K, used 165954K [0x0000000083600000, 0x0000000100000000)
  region size 1024K, 70 young (71680K), 10 survivors (10240K)
 Metaspace       used 1245K, committed 1472K, reserved 1114112K
  class space    used 98K, committed 192K, reserved 1048576K
}
Event: 31.619 GC heap after
{Heap after GC invocations=13 (full 0):
 garbage-first heap   total 187392K, used 112505K [0x0000000083600000, 0x0000000100000000)
  region size 1024K, 8 young (8192K), 8 survivors (8192K)
 Metaspace       used 1245K, committed 1472K, reserved 1114112K
  class space    used 98K, committed 192K, reserved 1048576K
}
Event: 32.013 GC heap before
{Heap before GC invocations=14 (full 0):
 garbage-first heap   total 193536K, used 165753K [0x0000000083600000, 0x0000000100000000)
  region size 1024K, 63 young (64512K), 8 survivors (8192K)
 Metaspace       used 1245K, committed 1472K, reserved 1114112K
  class space    used 98K, committed 192K, reserved 1048576K
}
Event: 32.035 GC heap after
{Heap after GC invocations=15 (full 0):
 garbage-first heap   total 193536K, used 117333K [0x0000000083600000, 0x0000000100000000)
  region size 1024K, 8 young (8192K), 8 survivors (8192K)
 Metaspace       used 1245K, committed 1472K, reserved 1114112K
  class space    used 98K, committed 192K, reserved 1048576K
}
Event: 32.431 GC heap before
{Heap before GC invocations=15 (full 0):
 garbage-first heap   total 193536K, used 174677K [0x0000000083600000, 0x0000000100000000)
  region size 1024K, 64 young (65536K), 8 survivors (8192K)
 Metaspace       used 1245K, committed 1472K, reserved 1114112K
  class space    used 98K, committed 192K, reserved 1048576K
}
Event: 32.439 GC heap after
{Heap after GC invocations=16 (full 0):
 garbage-first heap   total 247808K, used 121530K [0x0000000083600000, 0x0000000100000000)
  region size 1024K, 8 young (8192K), 8 survivors (8192K)
 Metaspace       used 1245K, committed 1472K, reserved 1114112K
  class space    used 98K, committed 192K, reserved 1048576K
}
Event: 33.090 GC heap before
{Heap before GC invocations=16 (full 0):
 garbage-first heap   total 247808K, used 217786K [0x0000000083600000, 0x0000000100000000)
  region size 1024K, 102 young (104448K), 8 survivors (8192K)
 Metaspace       used 1245K, committed 1472K, reserved 1114112K
  class space    used 98K, committed 192K, reserved 1048576K
}
Event: 33.101 GC heap after
{Heap after GC invocations=17 (full 0):
 garbage-first heap   total 247808K, used 133409K [0x0000000083600000, 0x0000000100000000)
  region size 1024K, 12 young (12288K), 12 survivors (12288K)
 Metaspace       used 1245K, committed 1472K, reserved 1114112K
  class space    used 98K, committed 192K, reserved 1048576K
}
Event: 33.719 GC heap before
{Heap before GC invocations=18 (full 0):
 garbage-first heap   total 247808K, used 215329K [0x0000000083600000, 0x0000000100000000)
  region size 1024K, 96 young (98304K), 12 survivors (12288K)
 Metaspace       used 1245K, committed 1472K, reserved 1114112K
  class space    used 98K, committed 192K, reserved 1048576K
}
Event: 33.729 GC heap after
{Heap after GC invocations=19 (full 0):
 garbage-first heap   total 247808K, used 140288K [0x0000000083600000, 0x0000000100000000)
  region size 1024K, 11 young (11264K), 11 survivors (11264K)
 Metaspace       used 1245K, committed 1472K, reserved 1114112K
  class space    used 98K, committed 192K, reserved 1048576K
}
Event: 34.308 GC heap before
{Heap before GC invocations=19 (full 0):
 garbage-first heap   total 247808K, used 230400K [0x0000000083600000, 0x0000000100000000)
  region size 1024K, 92 young (94208K), 11 survivors (11264K)
 Metaspace       used 1245K, committed 1472K, reserved 1114112K
  class space    used 98K, committed 192K, reserved 1048576K
}
Event: 34.322 GC heap after
{Heap after GC invocations=20 (full 0):
 garbage-first heap   total 253952K, used 156376K [0x0000000083600000, 0x0000000100000000)
  region size 1024K, 11 young (11264K), 11 survivors (11264K)
 Metaspace       used 1245K, committed 1472K, reserved 1114112K
  class space    used 98K, committed 192K, reserved 1048576K
}
Event: 34.765 GC heap before
{Heap before GC invocations=20 (full 0):
 garbage-first heap   total 253952K, used 229080K [0x0000000083600000, 0x0000000100000000)
  region size 1024K, 82 young (83968K), 11 survivors (11264K)
 Metaspace       used 1245K, committed 1472K, reserved 1114112K
  class space    used 98K, committed 192K, reserved 1048576K
}
Event: 34.774 GC heap after
{Heap after GC invocations=21 (full 0):
 garbage-first heap   total 253952K, used 165693K [0x0000000083600000, 0x0000000100000000)
  region size 1024K, 10 young (10240K), 10 survivors (10240K)
 Metaspace       used 1245K, committed 1472K, reserved 1114112K
  class space    used 98K, committed 192K, reserved 1048576K
}

